Sun 23 Apr 2023 13:21:34 INFO  ['C:\\Users\\vpavl\\PycharmProjects\\ranking-feed\\src\\models\\test.py']
Sun 23 Apr 2023 13:21:34 INFO  
General Hyper Parameters:
gpu_id = 0
use_gpu = True
seed = 2020
state = INFO
reproducibility = True
data_path = C:\Users\vpavl\AppData\Local\Programs\Python\Python39\Lib\site-packages\recbole\config\../dataset_example/ml-100k
checkpoint_dir = saved
show_progress = True
save_dataset = False
dataset_save_path = None
save_dataloaders = False
dataloaders_save_path = None
log_wandb = False

Training Hyper Parameters:
epochs = 300
train_batch_size = 2048
learner = adam
learning_rate = 0.001
train_neg_sample_args = {'distribution': 'none', 'sample_num': 'none', 'alpha': 'none', 'dynamic': False, 'candidate_num': 0}
eval_step = 1
stopping_step = 10
clip_grad_norm = None
weight_decay = 0.0
loss_decimal_place = 4

Evaluation Hyper Parameters:
eval_args = {'split': {'RS': [0.8, 0.1, 0.1]}, 'order': 'RO', 'group_by': None, 'mode': 'labeled'}
repeatable = False
metrics = ['AUC', 'LogLoss']
topk = [10]
valid_metric = AUC
valid_metric_bigger = True
eval_batch_size = 4096
metric_decimal_place = 4

Dataset Hyper Parameters:
field_separator = 	
seq_separator =  
USER_ID_FIELD = user_id
ITEM_ID_FIELD = item_id
RATING_FIELD = rating
TIME_FIELD = timestamp
seq_len = None
LABEL_FIELD = label
threshold = {'rating': 4}
NEG_PREFIX = neg_
load_col = {'inter': ['user_id', 'item_id', 'rating', 'timestamp'], 'user': ['user_id', 'age', 'gender', 'occupation'], 'item': ['item_id', 'release_year', 'class']}
unload_col = None
unused_col = None
additional_feat_suffix = None
rm_dup_inter = None
val_interval = None
filter_inter_by_user_or_item = True
user_inter_num_interval = None
item_inter_num_interval = None
alias_of_user_id = None
alias_of_item_id = None
alias_of_entity_id = None
alias_of_relation_id = None
preload_weight = None
normalize_field = None
normalize_all = True
ITEM_LIST_LENGTH_FIELD = item_length
LIST_SUFFIX = _list
MAX_ITEM_LIST_LENGTH = 50
POSITION_FIELD = position_id
HEAD_ENTITY_ID_FIELD = head_id
TAIL_ENTITY_ID_FIELD = tail_id
RELATION_ID_FIELD = relation_id
ENTITY_ID_FIELD = entity_id
kg_reverse_r = False
entity_kg_num_interval = None
relation_kg_num_interval = None
benchmark_filename = None

Other Hyper Parameters: 
worker = 0
wandb_project = recbole
shuffle = True
require_pow = False
enable_amp = False
enable_scaler = False
transform = None
embedding_size = 10
mlp_hidden_size = [256, 256, 256]
dropout_prob = 0.3
double_tower = True
numerical_features = []
discretization = None
MODEL_TYPE = ModelType.CONTEXT
MODEL_INPUT_TYPE = InputType.POINTWISE
eval_type = EvaluatorType.VALUE
single_spec = True
local_rank = 0
device = cpu
eval_neg_sample_args = {'distribution': 'none', 'sample_num': 'none'}


Sun 23 Apr 2023 13:21:34 INFO  ml-100k
The number of users: 944
Average actions of users: 106.04453870625663
The number of items: 1683
Average actions of items: 59.45303210463734
The number of inters: 100000
The sparsity of the dataset: 93.70575143257098%
Remain Fields: ['user_id', 'item_id', 'timestamp', 'age', 'gender', 'occupation', 'release_year', 'class', 'label']
Sun 23 Apr 2023 13:21:34 INFO  [Training]: train_batch_size = [2048] train_neg_sample_args: [{'distribution': 'none', 'sample_num': 'none', 'alpha': 'none', 'dynamic': False, 'candidate_num': 0}]
Sun 23 Apr 2023 13:21:34 INFO  [Evaluation]: eval_batch_size = [4096] eval_args: [{'split': {'RS': [0.8, 0.1, 0.1]}, 'order': 'RO', 'group_by': None, 'mode': 'labeled'}]
Sun 23 Apr 2023 13:21:34 INFO  DSSM(
  (token_embedding_table): FMEmbedding(
    (embedding): Embedding(2788, 10)
  )
  (token_seq_embedding_table): ModuleList(
    (0): Embedding(20, 10)
  )
  (first_order_linear): FMFirstOrderLinear(
    (token_embedding_table): FMEmbedding(
      (embedding): Embedding(2788, 1)
    )
    (token_seq_embedding_table): ModuleList(
      (0): Embedding(20, 1)
    )
  )
  (user_mlp_layers): MLPLayers(
    (mlp_layers): Sequential(
      (0): Dropout(p=0.3, inplace=False)
      (1): Linear(in_features=40, out_features=256, bias=True)
      (2): BatchNorm1d(256, eps=1e-05, momentum=0.1, affine=True, track_running_stats=True)
      (3): Tanh()
      (4): Dropout(p=0.3, inplace=False)
      (5): Linear(in_features=256, out_features=256, bias=True)
      (6): BatchNorm1d(256, eps=1e-05, momentum=0.1, affine=True, track_running_stats=True)
      (7): Tanh()
      (8): Dropout(p=0.3, inplace=False)
      (9): Linear(in_features=256, out_features=256, bias=True)
      (10): BatchNorm1d(256, eps=1e-05, momentum=0.1, affine=True, track_running_stats=True)
      (11): Tanh()
    )
  )
  (item_mlp_layers): MLPLayers(
    (mlp_layers): Sequential(
      (0): Dropout(p=0.3, inplace=False)
      (1): Linear(in_features=30, out_features=256, bias=True)
      (2): BatchNorm1d(256, eps=1e-05, momentum=0.1, affine=True, track_running_stats=True)
      (3): Tanh()
      (4): Dropout(p=0.3, inplace=False)
      (5): Linear(in_features=256, out_features=256, bias=True)
      (6): BatchNorm1d(256, eps=1e-05, momentum=0.1, affine=True, track_running_stats=True)
      (7): Tanh()
      (8): Dropout(p=0.3, inplace=False)
      (9): Linear(in_features=256, out_features=256, bias=True)
      (10): BatchNorm1d(256, eps=1e-05, momentum=0.1, affine=True, track_running_stats=True)
      (11): Tanh()
    )
  )
  (loss): BCEWithLogitsLoss()
  (sigmoid): Sigmoid()
)
Trainable parameters: 315561
Sun 23 Apr 2023 13:21:34 INFO  FLOPs: 286328.0
Sun 23 Apr 2023 13:21:40 INFO  epoch 0 training [time: 5.50s, train loss: 27.7533]
Sun 23 Apr 2023 13:21:40 INFO  epoch 0 evaluating [time: 0.17s, valid_score: 0.553700]
Sun 23 Apr 2023 13:21:40 INFO  valid result: 
auc : 0.5537    logloss : 0.6886
Sun 23 Apr 2023 13:21:40 INFO  Saving current: saved\DSSM-Apr-23-2023_13-21-35.pth
